2015-11-10 15:26:56 10fc InnoDB: Warning: Using innodb_additional_mem_pool_size is DEPRECATED. This option may be removed in future releases, together with the option innodb_use_sys_malloc and with the InnoDB's internal memory allocator.
2015-11-10 15:26:56 4348 [Note] InnoDB: Using mutexes to ref count buffer pool pages
2015-11-10 15:26:56 4348 [Note] InnoDB: The InnoDB memory heap is disabled
2015-11-10 15:26:56 4348 [Note] InnoDB: Mutexes and rw_locks use Windows interlocked functions
2015-11-10 15:26:56 4348 [Note] InnoDB: Memory barrier is not used
2015-11-10 15:26:56 4348 [Note] InnoDB: Compressed tables use zlib 1.2.3
2015-11-10 15:26:56 4348 [Note] InnoDB: Not using CPU crc32 instructions
2015-11-10 15:26:56 4348 [Note] InnoDB: Initializing buffer pool, size = 16.0M
2015-11-10 15:26:56 4348 [Note] InnoDB: Completed initialization of buffer pool
2015-11-10 15:26:56 4348 [Note] InnoDB: Highest supported file format is Barracuda.
2015-11-10 15:26:57 4348 [Note] InnoDB: 128 rollback segment(s) are active.
2015-11-10 15:26:57 4348 [Note] InnoDB: Waiting for purge to start
2015-11-10 15:26:57 4348 [Note] InnoDB:  Percona XtraDB (http://www.percona.com) 5.6.26-74.0 started; log sequence number 1835027
2015-11-10 15:26:57 6140 [Note] InnoDB: Dumping buffer pool(s) not yet started
2015-11-10 15:26:57 4348 [Note] Plugin 'FEEDBACK' is disabled.
2015-11-10 15:26:57 4348 [Note] Server socket created on IP: '::'.
2015-11-10 15:26:57 4348 [Note] Event Scheduler: Loaded 0 events
2015-11-10 15:26:57 4348 [Note] C:\xampp\mysql\bin\mysqld.exe: ready for connections.
Version: '10.1.8-MariaDB'  socket: ''  port: 3306  mariadb.org binary distribution
2015-11-10 15:27:11 5152 [Note] C:\xampp\mysql\bin\mysqld.exe: Normal shutdown

2015-11-10 15:27:11 5152 [Note] Event Scheduler: Purging the queue. 0 events
2015-11-10 15:27:11 5732 [Note] InnoDB: FTS optimize thread exiting.
2015-11-10 15:27:11 5152 [Note] InnoDB: Starting shutdown...
2015-11-10 15:27:13 5152 [Note] InnoDB: Shutdown completed; log sequence number 1835037
2015-11-10 15:27:13 5152 [Note] C:\xampp\mysql\bin\mysqld.exe: Shutdown complete

2016-08-29 15:54:21 1790 InnoDB: Warning: Using innodb_additional_mem_pool_size is DEPRECATED. This option may be removed in future releases, together with the option innodb_use_sys_malloc and with the InnoDB's internal memory allocator.
2016-08-29 15:54:21 6032 [Note] InnoDB: Using mutexes to ref count buffer pool pages
2016-08-29 15:54:21 6032 [Note] InnoDB: The InnoDB memory heap is disabled
2016-08-29 15:54:21 6032 [Note] InnoDB: Mutexes and rw_locks use Windows interlocked functions
2016-08-29 15:54:21 6032 [Note] InnoDB: Memory barrier is not used
2016-08-29 15:54:21 6032 [Note] InnoDB: Compressed tables use zlib 1.2.3
2016-08-29 15:54:21 6032 [Note] InnoDB: Using generic crc32 instructions
2016-08-29 15:54:21 6032 [Note] InnoDB: Initializing buffer pool, size = 16.0M
2016-08-29 15:54:21 6032 [Note] InnoDB: Completed initialization of buffer pool
2016-08-29 15:54:22 6032 [Note] InnoDB: Highest supported file format is Barracuda.
2016-08-29 15:54:23 6032 [Note] InnoDB: 128 rollback segment(s) are active.
2016-08-29 15:54:23 6032 [Note] InnoDB: Waiting for purge to start
2016-08-29 15:54:23 6032 [Note] InnoDB:  Percona XtraDB (http://www.percona.com) 5.6.28-76.1 started; log sequence number 1835037
2016-08-29 15:54:23 4896 [Note] InnoDB: Dumping buffer pool(s) not yet started
2016-08-29 15:54:23 6032 [Note] Plugin 'FEEDBACK' is disabled.
2016-08-29 15:54:24 6032 [Note] Server socket created on IP: '::'.
2016-08-29 15:54:25 6032 [Note] c:\xampp\mysql\bin\mysqld.exe: ready for connections.
Version: '10.1.13-MariaDB'  socket: ''  port: 3306  mariadb.org binary distribution
2016-09-05 09:38:29 7b4 InnoDB: Warning: Using innodb_additional_mem_pool_size is DEPRECATED. This option may be removed in future releases, together with the option innodb_use_sys_malloc and with the InnoDB's internal memory allocator.
2016-09-05  9:38:29 1972 [Note] InnoDB: Using mutexes to ref count buffer pool pages
2016-09-05  9:38:29 1972 [Note] InnoDB: The InnoDB memory heap is disabled
2016-09-05  9:38:29 1972 [Note] InnoDB: Mutexes and rw_locks use Windows interlocked functions
2016-09-05  9:38:29 1972 [Note] InnoDB: Memory barrier is not used
2016-09-05  9:38:29 1972 [Note] InnoDB: Compressed tables use zlib 1.2.3
2016-09-05  9:38:29 1972 [Note] InnoDB: Using generic crc32 instructions
2016-09-05  9:38:29 1972 [Note] InnoDB: Initializing buffer pool, size = 16.0M
2016-09-05  9:38:29 1972 [Note] InnoDB: Completed initialization of buffer pool
2016-09-05  9:38:30 1972 [Note] InnoDB: Highest supported file format is Barracuda.
2016-09-05  9:38:30 1972 [Note] InnoDB: The log sequence numbers 1835037 and 1835037 in ibdata files do not match the log sequence number 3350708 in the ib_logfiles!
2016-09-05  9:38:30 1972 [Note] InnoDB: Database was not shutdown normally!
2016-09-05  9:38:30 1972 [Note] InnoDB: Starting crash recovery.
2016-09-05  9:38:30 1972 [Note] InnoDB: Reading tablespace information from the .ibd files...
2016-09-05  9:38:32 1972 [Note] InnoDB: Restoring possible half-written data pages 
2016-09-05  9:38:32 1972 [Note] InnoDB: from the doublewrite buffer...
2016-09-05  9:38:35 1972 [Note] InnoDB: 128 rollback segment(s) are active.
2016-09-05  9:38:35 1972 [Note] InnoDB: Waiting for purge to start
2016-09-05  9:38:35 1972 [Note] InnoDB:  Percona XtraDB (http://www.percona.com) 5.6.28-76.1 started; log sequence number 3350708
2016-09-05  9:38:35 4388 [Note] InnoDB: Dumping buffer pool(s) not yet started
2016-09-05  9:38:35 1972 [Note] Plugin 'FEEDBACK' is disabled.
2016-09-05  9:38:36 1972 [Note] Server socket created on IP: '::'.
2016-09-05  9:38:36 1972 [ERROR] mysqld.exe: Table '.\mysql\db' is marked as crashed and should be repaired
2016-09-05  9:38:36 1972 [Warning] Checking table:   '.\mysql\db'
2016-09-05  9:38:36 1972 [ERROR] mysql.db: 1 client is using or hasn't closed the table properly
2016-09-05  9:38:37 1972 [ERROR] mysqld.exe: Table '.\mysql\tables_priv' is marked as crashed and should be repaired
2016-09-05  9:38:37 1972 [Warning] Checking table:   '.\mysql\tables_priv'
2016-09-05  9:38:37 1972 [ERROR] mysql.tables_priv: 1 client is using or hasn't closed the table properly
2016-09-05  9:38:37 1972 [ERROR] mysqld.exe: Table '.\mysql\columns_priv' is marked as crashed and should be repaired
2016-09-05  9:38:37 1972 [Warning] Checking table:   '.\mysql\columns_priv'
2016-09-05  9:38:37 1972 [ERROR] mysql.columns_priv: 1 client is using or hasn't closed the table properly
2016-09-05  9:38:37 1972 [ERROR] mysqld.exe: Table '.\mysql\procs_priv' is marked as crashed and should be repaired
2016-09-05  9:38:37 1972 [Warning] Checking table:   '.\mysql\procs_priv'
2016-09-05  9:38:37 1972 [ERROR] mysql.procs_priv: 1 client is using or hasn't closed the table properly
2016-09-05  9:38:37 1972 [Note] c:\xampp\mysql\bin\mysqld.exe: ready for connections.
Version: '10.1.13-MariaDB'  socket: ''  port: 3306  mariadb.org binary distribution
2016-09-05 11:04:00 464 InnoDB: Warning: Using innodb_additional_mem_pool_size is DEPRECATED. This option may be removed in future releases, together with the option innodb_use_sys_malloc and with the InnoDB's internal memory allocator.
2016-09-05 11:04:00 1124 [Note] InnoDB: Using mutexes to ref count buffer pool pages
2016-09-05 11:04:00 1124 [Note] InnoDB: The InnoDB memory heap is disabled
2016-09-05 11:04:00 1124 [Note] InnoDB: Mutexes and rw_locks use Windows interlocked functions
2016-09-05 11:04:00 1124 [Note] InnoDB: Memory barrier is not used
2016-09-05 11:04:00 1124 [Note] InnoDB: Compressed tables use zlib 1.2.3
2016-09-05 11:04:00 1124 [Note] InnoDB: Using generic crc32 instructions
2016-09-05 11:04:00 1124 [Note] InnoDB: Initializing buffer pool, size = 16.0M
2016-09-05 11:04:00 1124 [Note] InnoDB: Completed initialization of buffer pool
2016-09-05 11:04:01 1124 [Note] InnoDB: Highest supported file format is Barracuda.
2016-09-05 11:04:01 1124 [Note] InnoDB: The log sequence numbers 1835037 and 1835037 in ibdata files do not match the log sequence number 3350718 in the ib_logfiles!
2016-09-05 11:04:01 1124 [Note] InnoDB: Database was not shutdown normally!
2016-09-05 11:04:01 1124 [Note] InnoDB: Starting crash recovery.
2016-09-05 11:04:01 1124 [Note] InnoDB: Reading tablespace information from the .ibd files...
2016-09-05 11:04:02 1124 [Note] InnoDB: Restoring possible half-written data pages 
2016-09-05 11:04:02 1124 [Note] InnoDB: from the doublewrite buffer...
2016-09-05 11:04:04 1124 [Note] InnoDB: 128 rollback segment(s) are active.
2016-09-05 11:04:04 1124 [Note] InnoDB: Waiting for purge to start
2016-09-05 11:04:04 1124 [Note] InnoDB:  Percona XtraDB (http://www.percona.com) 5.6.28-76.1 started; log sequence number 3350718
2016-09-05 11:04:04 7604 [Note] InnoDB: Dumping buffer pool(s) not yet started
2016-09-05 11:04:04 1124 [Note] Plugin 'FEEDBACK' is disabled.
2016-09-05 11:04:05 1124 [Note] Server socket created on IP: '::'.
2016-09-05 11:04:05 1124 [Note] c:\xampp\mysql\bin\mysqld.exe: ready for connections.
Version: '10.1.13-MariaDB'  socket: ''  port: 3306  mariadb.org binary distribution
