3:54:09 PM  [main] 	Initializing Control Panel
3:54:09 PM  [main] 	Windows Version:  Pro  64-bit
3:54:09 PM  [main] 	XAMPP Version: 5.6.23
3:54:09 PM  [main] 	Control Panel Version: 3.2.2  [ Compiled: Nov 12th 2015 ]
3:54:09 PM  [main] 	You are not running with administrator rights! This will work for
3:54:09 PM  [main] 	most application stuff but whenever you do something with services
3:54:09 PM  [main] 	there will be a security dialogue or things will break! So think 
3:54:09 PM  [main] 	about running this application with administrator rights!
3:54:09 PM  [main] 	XAMPP Installation Directory: "c:\xampp\"
3:54:09 PM  [main] 	Checking for prerequisites
3:54:14 PM  [main] 	All prerequisites found
3:54:14 PM  [main] 	Initializing Modules
3:54:14 PM  [Apache] 	Problem detected!
3:54:14 PM  [Apache] 	Port 80 in use by "C:\Program Files (x86)\Skype\Phone\Skype.exe" with PID 3304!
3:54:14 PM  [Apache] 	Apache WILL NOT start without the configured ports free!
3:54:14 PM  [Apache] 	You need to uninstall/disable/reconfigure the blocking application
3:54:14 PM  [Apache] 	or reconfigure Apache and the Control Panel to listen on a different port
3:54:14 PM  [Apache] 	Problem detected!
3:54:14 PM  [Apache] 	Port 443 in use by "C:\Program Files (x86)\Skype\Phone\Skype.exe" with PID 3304!
3:54:14 PM  [Apache] 	Apache WILL NOT start without the configured ports free!
3:54:14 PM  [Apache] 	You need to uninstall/disable/reconfigure the blocking application
3:54:14 PM  [Apache] 	or reconfigure Apache and the Control Panel to listen on a different port
3:54:14 PM  [main] 	The FileZilla module is disabled
3:54:14 PM  [main] 	The Mercury module is disabled
3:54:14 PM  [main] 	Starting Check-Timer
3:54:14 PM  [main] 	Control Panel Ready
3:54:17 PM  [Apache] 	Problem detected!
3:54:17 PM  [Apache] 	Port 80 in use by "C:\Program Files (x86)\Skype\Phone\Skype.exe" with PID 3304!
3:54:17 PM  [Apache] 	Apache WILL NOT start without the configured ports free!
3:54:17 PM  [Apache] 	You need to uninstall/disable/reconfigure the blocking application
3:54:17 PM  [Apache] 	or reconfigure Apache and the Control Panel to listen on a different port
3:54:17 PM  [Apache] 	Problem detected!
3:54:17 PM  [Apache] 	Port 443 in use by "C:\Program Files (x86)\Skype\Phone\Skype.exe" with PID 3304!
3:54:17 PM  [Apache] 	Apache WILL NOT start without the configured ports free!
3:54:17 PM  [Apache] 	You need to uninstall/disable/reconfigure the blocking application
3:54:17 PM  [Apache] 	or reconfigure Apache and the Control Panel to listen on a different port
3:54:17 PM  [Apache] 	Attempting to start Apache app...
3:54:17 PM  [Apache] 	Status change detected: running
3:54:18 PM  [mysql] 	Attempting to start MySQL app...
3:54:18 PM  [mysql] 	Status change detected: running
3:54:20 PM  [Apache] 	Status change detected: stopped
3:54:20 PM  [Apache] 	Error: Apache shutdown unexpectedly.
3:54:20 PM  [Apache] 	This may be due to a blocked port, missing dependencies, 
3:54:20 PM  [Apache] 	improper privileges, a crash, or a shutdown by another method.
3:54:20 PM  [Apache] 	Press the Logs button to view error logs and check
3:54:20 PM  [Apache] 	the Windows Event Viewer for more clues
3:54:20 PM  [Apache] 	If you need more help, copy and post this
3:54:20 PM  [Apache] 	entire log window on the forums
3:55:21 PM  [Apache] 	Problem detected!
3:55:21 PM  [Apache] 	Port 80 in use by "C:\Program Files (x86)\Skype\Phone\Skype.exe" with PID 3304!
3:55:21 PM  [Apache] 	Apache WILL NOT start without the configured ports free!
3:55:21 PM  [Apache] 	You need to uninstall/disable/reconfigure the blocking application
3:55:21 PM  [Apache] 	or reconfigure Apache and the Control Panel to listen on a different port
3:55:21 PM  [Apache] 	Problem detected!
3:55:21 PM  [Apache] 	Port 443 in use by "C:\Program Files (x86)\Skype\Phone\Skype.exe" with PID 3304!
3:55:21 PM  [Apache] 	Apache WILL NOT start without the configured ports free!
3:55:21 PM  [Apache] 	You need to uninstall/disable/reconfigure the blocking application
3:55:21 PM  [Apache] 	or reconfigure Apache and the Control Panel to listen on a different port
3:55:21 PM  [Apache] 	Attempting to start Apache app...
3:55:21 PM  [Apache] 	Status change detected: running
3:55:28 PM  [Apache] 	Status change detected: stopped
3:55:28 PM  [Apache] 	Error: Apache shutdown unexpectedly.
3:55:28 PM  [Apache] 	This may be due to a blocked port, missing dependencies, 
3:55:28 PM  [Apache] 	improper privileges, a crash, or a shutdown by another method.
3:55:28 PM  [Apache] 	Press the Logs button to view error logs and check
3:55:28 PM  [Apache] 	the Windows Event Viewer for more clues
3:55:28 PM  [Apache] 	If you need more help, copy and post this
3:55:28 PM  [Apache] 	entire log window on the forums
3:55:43 PM  [Apache] 	Problem detected!
3:55:43 PM  [Apache] 	Port 80 in use by "C:\Program Files (x86)\Skype\Phone\Skype.exe" with PID 3304!
3:55:43 PM  [Apache] 	Apache WILL NOT start without the configured ports free!
3:55:43 PM  [Apache] 	You need to uninstall/disable/reconfigure the blocking application
3:55:43 PM  [Apache] 	or reconfigure Apache and the Control Panel to listen on a different port
3:55:43 PM  [Apache] 	Problem detected!
3:55:43 PM  [Apache] 	Port 443 in use by "C:\Program Files (x86)\Skype\Phone\Skype.exe" with PID 3304!
3:55:43 PM  [Apache] 	Apache WILL NOT start without the configured ports free!
3:55:43 PM  [Apache] 	You need to uninstall/disable/reconfigure the blocking application
3:55:43 PM  [Apache] 	or reconfigure Apache and the Control Panel to listen on a different port
3:55:43 PM  [Apache] 	Attempting to start Apache app...
3:55:53 PM  [Apache] 	Problem detected!
3:55:53 PM  [Apache] 	Port 80 in use by "C:\Program Files (x86)\Skype\Phone\Skype.exe" with PID 3304!
3:55:53 PM  [Apache] 	Apache WILL NOT start without the configured ports free!
3:55:53 PM  [Apache] 	You need to uninstall/disable/reconfigure the blocking application
3:55:53 PM  [Apache] 	or reconfigure Apache and the Control Panel to listen on a different port
3:55:53 PM  [Apache] 	Problem detected!
3:55:53 PM  [Apache] 	Port 443 in use by "C:\Program Files (x86)\Skype\Phone\Skype.exe" with PID 3304!
3:55:53 PM  [Apache] 	Apache WILL NOT start without the configured ports free!
3:55:53 PM  [Apache] 	You need to uninstall/disable/reconfigure the blocking application
3:55:53 PM  [Apache] 	or reconfigure Apache and the Control Panel to listen on a different port
3:55:53 PM  [Apache] 	Attempting to start Apache app...
3:55:53 PM  [Apache] 	Status change detected: running
4:21:47 PM  [main] 	Deinitializing Modules
4:21:47 PM  [main] 	Deinitializing Control Panel

9:38:20 AM  [main] 	Initializing Control Panel
9:38:20 AM  [main] 	Windows Version:  Pro  64-bit
9:38:20 AM  [main] 	XAMPP Version: 5.6.23
9:38:20 AM  [main] 	Control Panel Version: 3.2.2  [ Compiled: Nov 12th 2015 ]
9:38:20 AM  [main] 	You are not running with administrator rights! This will work for
9:38:20 AM  [main] 	most application stuff but whenever you do something with services
9:38:20 AM  [main] 	there will be a security dialogue or things will break! So think 
9:38:20 AM  [main] 	about running this application with administrator rights!
9:38:20 AM  [main] 	XAMPP Installation Directory: "c:\xampp\"
9:38:20 AM  [main] 	Checking for prerequisites
9:38:23 AM  [main] 	All prerequisites found
9:38:23 AM  [main] 	Initializing Modules
9:38:23 AM  [main] 	The FileZilla module is disabled
9:38:23 AM  [main] 	The Mercury module is disabled
9:38:23 AM  [main] 	Starting Check-Timer
9:38:23 AM  [main] 	Control Panel Ready
9:38:27 AM  [Apache] 	Attempting to start Apache app...
9:38:27 AM  [Apache] 	Status change detected: running
9:38:27 AM  [mysql] 	Attempting to start MySQL app...
9:38:28 AM  [mysql] 	Status change detected: running
10:43:39 AM  [main] 	Deinitializing Modules
10:43:39 AM  [main] 	Deinitializing Control Panel

